2023-12-04 20:59:46: -- Analysis Started by On File Change First Full Analyze Upon Folder Connect
2023-12-04 20:59:46: L: Reading State File C:/Users/jermi/OneDrive/THIRD YEAR/Website Technology/Finals/_gsdata_/_file_state_v4._gs
2023-12-04 20:59:46: R: Reading State File C:/wamp64/www/Stream/_gsdata_/_file_state_v4._gs
2023-12-04 20:59:46: /.git/FETCH_HEAD: L:TimeSize<>; R:TimeSize<>; Conflict: File Modified on Both Sides
2023-12-04 20:59:46: /.git/logs/refs/remotes/origin/main: L:TimeSize<>; R:TimeSize<>; Conflict: File Modified on Both Sides
2023-12-04 20:59:46: /.git/refs/remotes/origin/main: L:TimeSize<>; R:TimeSize<>; Conflict: File Modified on Both Sides
2023-12-04 20:59:46: Analyze has finished with Conflicts. Resolve Conflicts by selecting the correct sync direction, then click Sync
2023-12-04 20:59:46: Changes: 3, Conflicts: 3, CopyTime: 0, FixState: 0, Errors: 0, All: 150
2023-12-04 20:59:46: == Sync Started by On File Change First Full Analyze Upon Folder Connect
2023-12-04 20:59:46: ConnectCloned connected to file:///C:/Users/jermi/OneDrive/THIRD YEAR/Website Technology/Finals
2023-12-04 20:59:46: ConnectCloned connected to file:///C:/Users/jermi/OneDrive/THIRD YEAR/Website Technology/Finals
2023-12-04 20:59:46: ConnectCloned connected to file:///C:/Users/jermi/OneDrive/THIRD YEAR/Website Technology/Finals
2023-12-04 20:59:46: ConnectCloned connected to file:///C:/wamp64/www/Stream
2023-12-04 20:59:46: ConnectCloned connected to file:///C:/wamp64/www/Stream
2023-12-04 20:59:46: ConnectCloned connected to file:///C:/wamp64/www/Stream
2023-12-04 20:59:46: /.git/FETCH_HEAD: unresolved conflict results in No Copy
2023-12-04 20:59:46: /.git/refs/remotes/origin/main: unresolved conflict results in No Copy
2023-12-04 20:59:46: /.git/logs/refs/remotes/origin/main: unresolved conflict results in No Copy
2023-12-04 20:59:46: Save State File C:/Users/jermi/OneDrive/THIRD YEAR/Website Technology/Finals/_gsdata_/_file_state_v4._gs
2023-12-04 20:59:46: Save State File C:/wamp64/www/Stream/_gsdata_/_file_state_v4._gs
2023-12-04 20:59:47: == Sync Complete. Time: 00:00:01, Speed: 0.00/s, OK: 0, Errors: 0, Conflicts: 3
