2023-11-28 22:09:39: == Sync Started by User Command
2023-11-28 22:09:39: ConnectCloned connected to file:///C:/Users/jermi/OneDrive/THIRD YEAR/Website Technology/Finals
2023-11-28 22:09:39: ConnectCloned connected to file:///C:/Users/jermi/OneDrive/THIRD YEAR/Website Technology/Finals
2023-11-28 22:09:39: ConnectCloned connected to file:///C:/Users/jermi/OneDrive/THIRD YEAR/Website Technology/Finals
2023-11-28 22:09:39: ConnectCloned connected to file:///C:/wamp64/www/Stream
2023-11-28 22:09:39: ConnectCloned connected to file:///C:/wamp64/www/Stream
2023-11-28 22:09:39: ConnectCloned connected to file:///C:/wamp64/www/Stream
2023-11-28 22:09:39: Create Folder C:/Users/jermi/OneDrive/THIRD YEAR/Website Technology/Finals/.git
2023-11-28 22:09:39: Create Folder C:/Users/jermi/OneDrive/THIRD YEAR/Website Technology/Finals/CSS
2023-11-28 22:09:39: Create Folder C:/Users/jermi/OneDrive/THIRD YEAR/Website Technology/Finals/helloworld
2023-11-28 22:09:39: Create Folder C:/Users/jermi/OneDrive/THIRD YEAR/Website Technology/Finals/HTML
2023-11-28 22:09:39: Copy New 'C:/wamp64/www/Stream/.git/COMMIT_EDITMSG' -> 'C:/Users/jermi/OneDrive/THIRD YEAR/Website Technology/Finals/.git/COMMIT_EDITMSG' (13)
2023-11-28 22:09:39: Copy New 'C:/wamp64/www/Stream/.git/config' -> 'C:/Users/jermi/OneDrive/THIRD YEAR/Website Technology/Finals/.git/config' (324)
2023-11-28 22:09:39: Copy New 'C:/wamp64/www/Stream/.git/description' -> 'C:/Users/jermi/OneDrive/THIRD YEAR/Website Technology/Finals/.git/description' (73)
2023-11-28 22:09:39: Copy New 'C:/wamp64/www/Stream/.git/FETCH_HEAD' -> 'C:/Users/jermi/OneDrive/THIRD YEAR/Website Technology/Finals/.git/FETCH_HEAD' (121)
2023-11-28 22:09:39: Copy New 'C:/wamp64/www/Stream/.git/HEAD' -> 'C:/Users/jermi/OneDrive/THIRD YEAR/Website Technology/Finals/.git/HEAD' (21)
2023-11-28 22:09:39: Copy New 'C:/wamp64/www/Stream/HTML/admin.html' -> 'C:/Users/jermi/OneDrive/THIRD YEAR/Website Technology/Finals/HTML/admin.html' (757)
2023-11-28 22:09:39: Create Folder C:/Users/jermi/OneDrive/THIRD YEAR/Website Technology/Finals/.git/hooks
2023-11-28 22:09:39: Create Folder C:/Users/jermi/OneDrive/THIRD YEAR/Website Technology/Finals/.git/info
2023-11-28 22:09:39: Create Folder C:/Users/jermi/OneDrive/THIRD YEAR/Website Technology/Finals/.git/logs
2023-11-28 22:09:39: Copy New 'C:/wamp64/www/Stream/.git/index' -> 'C:/Users/jermi/OneDrive/THIRD YEAR/Website Technology/Finals/.git/index' (1,504)
2023-11-28 22:09:39: Copy New 'C:/wamp64/www/Stream/.git/hooks/applypatch-msg.sample' -> 'C:/Users/jermi/OneDrive/THIRD YEAR/Website Technology/Finals/.git/hooks/applypatch-msg.sample' (478)
2023-11-28 22:09:39: Copy New 'C:/wamp64/www/Stream/.git/info/exclude' -> 'C:/Users/jermi/OneDrive/THIRD YEAR/Website Technology/Finals/.git/info/exclude' (240)
2023-11-28 22:09:39: Copy New 'C:/wamp64/www/Stream/.git/logs/HEAD' -> 'C:/Users/jermi/OneDrive/THIRD YEAR/Website Technology/Finals/.git/logs/HEAD' (541)
2023-11-28 22:09:39: Create Folder C:/Users/jermi/OneDrive/THIRD YEAR/Website Technology/Finals/.git/logs/refs
2023-11-28 22:09:39: Create Folder C:/Users/jermi/OneDrive/THIRD YEAR/Website Technology/Finals/.git/logs/refs/heads
2023-11-28 22:09:39: Create Folder C:/Users/jermi/OneDrive/THIRD YEAR/Website Technology/Finals/.git/logs/refs/remotes
2023-11-28 22:09:39: Copy New 'C:/wamp64/www/Stream/.git/hooks/commit-msg.sample' -> 'C:/Users/jermi/OneDrive/THIRD YEAR/Website Technology/Finals/.git/hooks/commit-msg.sample' (896)
2023-11-28 22:09:39: Create Folder C:/Users/jermi/OneDrive/THIRD YEAR/Website Technology/Finals/.git/logs/refs/remotes/origin
2023-11-28 22:09:39: Copy New 'C:/wamp64/www/Stream/.git/hooks/fsmonitor-watchman.sample' -> 'C:/Users/jermi/OneDrive/THIRD YEAR/Website Technology/Finals/.git/hooks/fsmonitor-watchman.sample' (4,655)
2023-11-28 22:09:39: Copy New 'C:/wamp64/www/Stream/.git/logs/refs/heads/main' -> 'C:/Users/jermi/OneDrive/THIRD YEAR/Website Technology/Finals/.git/logs/refs/heads/main' (354)
2023-11-28 22:09:39: Copy New 'C:/wamp64/www/Stream/.git/hooks/post-update.sample' -> 'C:/Users/jermi/OneDrive/THIRD YEAR/Website Technology/Finals/.git/hooks/post-update.sample' (189)
2023-11-28 22:09:39: Copy New 'C:/wamp64/www/Stream/.git/logs/refs/remotes/origin/main' -> 'C:/Users/jermi/OneDrive/THIRD YEAR/Website Technology/Finals/.git/logs/refs/remotes/origin/main' (151)
2023-11-28 22:09:39: Copy New 'C:/wamp64/www/Stream/.git/hooks/pre-applypatch.sample' -> 'C:/Users/jermi/OneDrive/THIRD YEAR/Website Technology/Finals/.git/hooks/pre-applypatch.sample' (424)
2023-11-28 22:09:39: Copy New 'C:/wamp64/www/Stream/.git/hooks/pre-merge-commit.sample' -> 'C:/Users/jermi/OneDrive/THIRD YEAR/Website Technology/Finals/.git/hooks/pre-merge-commit.sample' (416)
2023-11-28 22:09:39: Copy New 'C:/wamp64/www/Stream/.git/hooks/pre-commit.sample' -> 'C:/Users/jermi/OneDrive/THIRD YEAR/Website Technology/Finals/.git/hooks/pre-commit.sample' (1,643)
2023-11-28 22:09:39: Copy New 'C:/wamp64/www/Stream/.git/hooks/pre-rebase.sample' -> 'C:/Users/jermi/OneDrive/THIRD YEAR/Website Technology/Finals/.git/hooks/pre-rebase.sample' (4,898)
2023-11-28 22:09:39: Copy New 'C:/wamp64/www/Stream/.git/hooks/pre-push.sample' -> 'C:/Users/jermi/OneDrive/THIRD YEAR/Website Technology/Finals/.git/hooks/pre-push.sample' (1,374)
2023-11-28 22:09:39: Copy New 'C:/wamp64/www/Stream/.git/hooks/pre-receive.sample' -> 'C:/Users/jermi/OneDrive/THIRD YEAR/Website Technology/Finals/.git/hooks/pre-receive.sample' (544)
2023-11-28 22:09:39: Copy New 'C:/wamp64/www/Stream/.git/hooks/prepare-commit-msg.sample' -> 'C:/Users/jermi/OneDrive/THIRD YEAR/Website Technology/Finals/.git/hooks/prepare-commit-msg.sample' (1,492)
2023-11-28 22:09:39: Create Folder C:/Users/jermi/OneDrive/THIRD YEAR/Website Technology/Finals/.git/objects
2023-11-28 22:09:39: Copy New 'C:/wamp64/www/Stream/.git/hooks/push-to-checkout.sample' -> 'C:/Users/jermi/OneDrive/THIRD YEAR/Website Technology/Finals/.git/hooks/push-to-checkout.sample' (2,783)
2023-11-28 22:09:39: Copy New 'C:/wamp64/www/Stream/.git/hooks/update.sample' -> 'C:/Users/jermi/OneDrive/THIRD YEAR/Website Technology/Finals/.git/hooks/update.sample' (3,650)
2023-11-28 22:09:39: Create Folder C:/Users/jermi/OneDrive/THIRD YEAR/Website Technology/Finals/.git/refs
2023-11-28 22:09:39: Create Folder C:/Users/jermi/OneDrive/THIRD YEAR/Website Technology/Finals/.git/objects/1e
2023-11-28 22:09:39: Create Folder C:/Users/jermi/OneDrive/THIRD YEAR/Website Technology/Finals/.git/objects/15
2023-11-28 22:09:39: Create Folder C:/Users/jermi/OneDrive/THIRD YEAR/Website Technology/Finals/.git/objects/2b
2023-11-28 22:09:39: Create Folder C:/Users/jermi/OneDrive/THIRD YEAR/Website Technology/Finals/.git/refs/heads
2023-11-28 22:09:39: Copy New 'C:/wamp64/www/Stream/.git/objects/15/38768cf9b227729abfb5c5d1cbaa88040f2446' -> 'C:/Users/jermi/OneDrive/THIRD YEAR/Website Technology/Finals/.git/objects/15/38768cf9b227729abfb5c5d1cbaa88040f2446' (157)
2023-11-28 22:09:39: Copy New 'C:/wamp64/www/Stream/.git/objects/1e/a462e9baeba094c2b47b18aa60104b02032d61' -> 'C:/Users/jermi/OneDrive/THIRD YEAR/Website Technology/Finals/.git/objects/1e/a462e9baeba094c2b47b18aa60104b02032d61' (82)
2023-11-28 22:09:39: Copy New 'C:/wamp64/www/Stream/.git/objects/2b/e82ea791e58596cdf10566ccf5a40b9514d667' -> 'C:/Users/jermi/OneDrive/THIRD YEAR/Website Technology/Finals/.git/objects/2b/e82ea791e58596cdf10566ccf5a40b9514d667' (480)
2023-11-28 22:09:39: Create Folder C:/Users/jermi/OneDrive/THIRD YEAR/Website Technology/Finals/.git/refs/tags
2023-11-28 22:09:39: Create Folder C:/Users/jermi/OneDrive/THIRD YEAR/Website Technology/Finals/.git/refs/remotes
2023-11-28 22:09:39: Copy New 'C:/wamp64/www/Stream/.git/refs/heads/main' -> 'C:/Users/jermi/OneDrive/THIRD YEAR/Website Technology/Finals/.git/refs/heads/main' (41)
2023-11-28 22:09:39: Create Folder C:/Users/jermi/OneDrive/THIRD YEAR/Website Technology/Finals/.git/objects/44
2023-11-28 22:09:39: Create Folder C:/Users/jermi/OneDrive/THIRD YEAR/Website Technology/Finals/.git/objects/46
2023-11-28 22:09:39: Create Folder C:/Users/jermi/OneDrive/THIRD YEAR/Website Technology/Finals/.git/refs/remotes/origin
2023-11-28 22:09:39: Create Folder C:/Users/jermi/OneDrive/THIRD YEAR/Website Technology/Finals/.git/objects/56
2023-11-28 22:09:39: Copy New 'C:/wamp64/www/Stream/.git/objects/44/8351dc393cdc5ee867f386b0dc1fe282e83cdf' -> 'C:/Users/jermi/OneDrive/THIRD YEAR/Website Technology/Finals/.git/objects/44/8351dc393cdc5ee867f386b0dc1fe282e83cdf' (16,334)
2023-11-28 22:09:39: Copy New 'C:/wamp64/www/Stream/.git/objects/56/e6c104328fcdebcc82450ce3e61275e564c530' -> 'C:/Users/jermi/OneDrive/THIRD YEAR/Website Technology/Finals/.git/objects/56/e6c104328fcdebcc82450ce3e61275e564c530' (154)
2023-11-28 22:09:39: Create Folder C:/Users/jermi/OneDrive/THIRD YEAR/Website Technology/Finals/.git/objects/58
2023-11-28 22:09:39: Copy New 'C:/wamp64/www/Stream/.git/refs/remotes/origin/main' -> 'C:/Users/jermi/OneDrive/THIRD YEAR/Website Technology/Finals/.git/refs/remotes/origin/main' (41)
2023-11-28 22:09:39: Create Folder C:/Users/jermi/OneDrive/THIRD YEAR/Website Technology/Finals/.git/objects/5d
2023-11-28 22:09:39: Copy New 'C:/wamp64/www/Stream/.git/objects/46/fdbbd09d8140c415e0eef5d56cf9fb8ad78316' -> 'C:/Users/jermi/OneDrive/THIRD YEAR/Website Technology/Finals/.git/objects/46/fdbbd09d8140c415e0eef5d56cf9fb8ad78316' (1,095)
2023-11-28 22:09:39: Create Folder C:/Users/jermi/OneDrive/THIRD YEAR/Website Technology/Finals/.git/objects/65
2023-11-28 22:09:39: Copy New 'C:/wamp64/www/Stream/.git/objects/58/4f5eeb92ff20f6c56f77810057de06feeab6ca' -> 'C:/Users/jermi/OneDrive/THIRD YEAR/Website Technology/Finals/.git/objects/58/4f5eeb92ff20f6c56f77810057de06feeab6ca' (271)
2023-11-28 22:09:39: Create Folder C:/Users/jermi/OneDrive/THIRD YEAR/Website Technology/Finals/.git/objects/6c
2023-11-28 22:09:39: Create Folder C:/Users/jermi/OneDrive/THIRD YEAR/Website Technology/Finals/.git/objects/8a
2023-11-28 22:09:39: Copy New 'C:/wamp64/www/Stream/.git/objects/5d/7c525790861e41016e5d8b143f334972abb156' -> 'C:/Users/jermi/OneDrive/THIRD YEAR/Website Technology/Finals/.git/objects/5d/7c525790861e41016e5d8b143f334972abb156' (889)
2023-11-28 22:09:39: Copy New 'C:/wamp64/www/Stream/.git/objects/6c/01bb1fcbfdb50bc0003348b6d39a3f88bf32c0' -> 'C:/Users/jermi/OneDrive/THIRD YEAR/Website Technology/Finals/.git/objects/6c/01bb1fcbfdb50bc0003348b6d39a3f88bf32c0' (104,350)
2023-11-28 22:09:39: Copy New 'C:/wamp64/www/Stream/.git/objects/65/d6cefcb954b43401988b13752859f7f81ce9bf' -> 'C:/Users/jermi/OneDrive/THIRD YEAR/Website Technology/Finals/.git/objects/65/d6cefcb954b43401988b13752859f7f81ce9bf' (171,813)
2023-11-28 22:09:39: Copy New 'C:/wamp64/www/Stream/.git/objects/8a/7d2fccb18bdcb6c4ff481dceaf73fd3895e20d' -> 'C:/Users/jermi/OneDrive/THIRD YEAR/Website Technology/Finals/.git/objects/8a/7d2fccb18bdcb6c4ff481dceaf73fd3895e20d' (387)
2023-11-28 22:09:39: Create Folder C:/Users/jermi/OneDrive/THIRD YEAR/Website Technology/Finals/.git/objects/98
2023-11-28 22:09:39: Create Folder C:/Users/jermi/OneDrive/THIRD YEAR/Website Technology/Finals/.git/objects/96
2023-11-28 22:09:39: Create Folder C:/Users/jermi/OneDrive/THIRD YEAR/Website Technology/Finals/.git/objects/9b
2023-11-28 22:09:39: Create Folder C:/Users/jermi/OneDrive/THIRD YEAR/Website Technology/Finals/.git/objects/a4
2023-11-28 22:09:39: Copy New 'C:/wamp64/www/Stream/.git/objects/98/2cc259e0afb046d9fb91f2621c8346ef37a9f8' -> 'C:/Users/jermi/OneDrive/THIRD YEAR/Website Technology/Finals/.git/objects/98/2cc259e0afb046d9fb91f2621c8346ef37a9f8' (53)
2023-11-28 22:09:39: Copy New 'C:/wamp64/www/Stream/.git/objects/96/c41db2b7e3c78818cc3609e51b0566f734bc7d' -> 'C:/Users/jermi/OneDrive/THIRD YEAR/Website Technology/Finals/.git/objects/96/c41db2b7e3c78818cc3609e51b0566f734bc7d' (55)
2023-11-28 22:09:39: Copy New 'C:/wamp64/www/Stream/.git/objects/9b/6aaccd4427d9dd92f4bea90666b93bfe185274' -> 'C:/Users/jermi/OneDrive/THIRD YEAR/Website Technology/Finals/.git/objects/9b/6aaccd4427d9dd92f4bea90666b93bfe185274' (80)
2023-11-28 22:09:39: Create Folder C:/Users/jermi/OneDrive/THIRD YEAR/Website Technology/Finals/.git/objects/a5
2023-11-28 22:09:39: Create Folder C:/Users/jermi/OneDrive/THIRD YEAR/Website Technology/Finals/.git/objects/b3
2023-11-28 22:09:39: Create Folder C:/Users/jermi/OneDrive/THIRD YEAR/Website Technology/Finals/.git/objects/bc
2023-11-28 22:09:39: Copy New 'C:/wamp64/www/Stream/.git/objects/a4/e7d4efa349fc6e976a00598267bdc55f040d9e' -> 'C:/Users/jermi/OneDrive/THIRD YEAR/Website Technology/Finals/.git/objects/a4/e7d4efa349fc6e976a00598267bdc55f040d9e' (959)
2023-11-28 22:09:39: Copy New 'C:/wamp64/www/Stream/.git/objects/a5/caf93857d70a5ba54293074d8842e98adb356d' -> 'C:/Users/jermi/OneDrive/THIRD YEAR/Website Technology/Finals/.git/objects/a5/caf93857d70a5ba54293074d8842e98adb356d' (135)
2023-11-28 22:09:39: Copy New 'C:/wamp64/www/Stream/.git/objects/b3/3c0ca9ffc79aab32dead7bea38172f27aaafbb' -> 'C:/Users/jermi/OneDrive/THIRD YEAR/Website Technology/Finals/.git/objects/b3/3c0ca9ffc79aab32dead7bea38172f27aaafbb' (88)
2023-11-28 22:09:39: Create Folder C:/Users/jermi/OneDrive/THIRD YEAR/Website Technology/Finals/.git/objects/cb
2023-11-28 22:09:39: Create Folder C:/Users/jermi/OneDrive/THIRD YEAR/Website Technology/Finals/.git/objects/e3
2023-11-28 22:09:39: Create Folder C:/Users/jermi/OneDrive/THIRD YEAR/Website Technology/Finals/.git/objects/e5
2023-11-28 22:09:39: Copy New 'C:/wamp64/www/Stream/.git/objects/bc/4a00f846ce9b0eac75f3c526efb19678ae0b71' -> 'C:/Users/jermi/OneDrive/THIRD YEAR/Website Technology/Finals/.git/objects/bc/4a00f846ce9b0eac75f3c526efb19678ae0b71' (16,747)
2023-11-28 22:09:39: Copy New 'C:/wamp64/www/Stream/.git/objects/e5/1e84bb89880f8956dc9979107609e2e3295d73' -> 'C:/Users/jermi/OneDrive/THIRD YEAR/Website Technology/Finals/.git/objects/e5/1e84bb89880f8956dc9979107609e2e3295d73' (948)
2023-11-28 22:09:39: Copy New 'C:/wamp64/www/Stream/.git/objects/cb/fba0818c6a9493d3705e2da8b1bdb1c5634921' -> 'C:/Users/jermi/OneDrive/THIRD YEAR/Website Technology/Finals/.git/objects/cb/fba0818c6a9493d3705e2da8b1bdb1c5634921' (1,016)
2023-11-28 22:09:39: Copy New 'C:/wamp64/www/Stream/.git/objects/e3/4e2c53a25949547138cf5e172ef296b12b34de' -> 'C:/Users/jermi/OneDrive/THIRD YEAR/Website Technology/Finals/.git/objects/e3/4e2c53a25949547138cf5e172ef296b12b34de' (265)
2023-11-28 22:09:39: Create Folder C:/Users/jermi/OneDrive/THIRD YEAR/Website Technology/Finals/.git/objects/e7
2023-11-28 22:09:39: Create Folder C:/Users/jermi/OneDrive/THIRD YEAR/Website Technology/Finals/.git/objects/f5
2023-11-28 22:09:39: Create Folder C:/Users/jermi/OneDrive/THIRD YEAR/Website Technology/Finals/.git/objects/info
2023-11-28 22:09:39: Create Folder C:/Users/jermi/OneDrive/THIRD YEAR/Website Technology/Finals/.git/objects/pack
2023-11-28 22:09:39: Copy New 'C:/wamp64/www/Stream/.git/objects/e7/1e7a5adafec2eea8f599c8b346c825fcd2606f' -> 'C:/Users/jermi/OneDrive/THIRD YEAR/Website Technology/Finals/.git/objects/e7/1e7a5adafec2eea8f599c8b346c825fcd2606f' (211)
2023-11-28 22:09:39: Copy New 'C:/wamp64/www/Stream/.git/objects/f5/02bfcdf178814d4ea4e371515b4b72552917fb' -> 'C:/Users/jermi/OneDrive/THIRD YEAR/Website Technology/Finals/.git/objects/f5/02bfcdf178814d4ea4e371515b4b72552917fb' (624)
2023-11-28 22:09:39: Copy New 'C:/wamp64/www/Stream/CSS/add_style.css' -> 'C:/Users/jermi/OneDrive/THIRD YEAR/Website Technology/Finals/CSS/add_style.css' (3,684)
2023-11-28 22:09:39: Create Folder C:/Users/jermi/OneDrive/THIRD YEAR/Website Technology/Finals/MEDIA
2023-11-28 22:09:39: Create Folder C:/Users/jermi/OneDrive/THIRD YEAR/Website Technology/Finals/JS
2023-11-28 22:09:39: Create Folder C:/Users/jermi/OneDrive/THIRD YEAR/Website Technology/Finals/PHP
2023-11-28 22:09:39: Copy New 'C:/wamp64/www/Stream/CSS/style.css' -> 'C:/Users/jermi/OneDrive/THIRD YEAR/Website Technology/Finals/CSS/style.css' (2,291)
2023-11-28 22:09:39: Copy New 'C:/wamp64/www/Stream/JS/admin.js' -> 'C:/Users/jermi/OneDrive/THIRD YEAR/Website Technology/Finals/JS/admin.js' (2,219)
2023-11-28 22:09:39: Copy New 'C:/wamp64/www/Stream/MEDIA/alice.jpeg' -> 'C:/Users/jermi/OneDrive/THIRD YEAR/Website Technology/Finals/MEDIA/alice.jpeg' (172,085)
2023-11-28 22:09:39: Copy New 'C:/wamp64/www/Stream/PHP/add.php' -> 'C:/Users/jermi/OneDrive/THIRD YEAR/Website Technology/Finals/PHP/add.php' (3,687)
2023-11-28 22:09:39: Copy New 'C:/wamp64/www/Stream/PHP/admin.php' -> 'C:/Users/jermi/OneDrive/THIRD YEAR/Website Technology/Finals/PHP/admin.php' (503)
2023-11-28 22:09:39: Copy New 'C:/wamp64/www/Stream/PHP/database.php' -> 'C:/Users/jermi/OneDrive/THIRD YEAR/Website Technology/Finals/PHP/database.php' (74)
2023-11-28 22:09:39: Copy New 'C:/wamp64/www/Stream/PHP/delete.php' -> 'C:/Users/jermi/OneDrive/THIRD YEAR/Website Technology/Finals/PHP/delete.php' (286)
2023-11-28 22:09:39: Copy New 'C:/wamp64/www/Stream/PHP/logIn.php' -> 'C:/Users/jermi/OneDrive/THIRD YEAR/Website Technology/Finals/PHP/logIn.php' (2,510)
2023-11-28 22:09:39: Copy New 'C:/wamp64/www/Stream/PHP/dataclasses.php' -> 'C:/Users/jermi/OneDrive/THIRD YEAR/Website Technology/Finals/PHP/dataclasses.php' (2,158)
2023-11-28 22:09:39: Copy New 'C:/wamp64/www/Stream/PHP/logout.php' -> 'C:/Users/jermi/OneDrive/THIRD YEAR/Website Technology/Finals/PHP/logout.php' (112)
2023-11-28 22:09:39: Copy New 'C:/wamp64/www/Stream/PHP/update.php' -> 'C:/Users/jermi/OneDrive/THIRD YEAR/Website Technology/Finals/PHP/update.php' (3,214)
2023-11-28 22:09:39: Close Modified Folder (mod-time, acl): /HTML
2023-11-28 22:09:39: Close Modified Folder (mod-time, acl): /.git/info
2023-11-28 22:09:39: Copy New 'C:/wamp64/www/Stream/MEDIA/Pencil.png' -> 'C:/Users/jermi/OneDrive/THIRD YEAR/Website Technology/Finals/MEDIA/Pencil.png' (17,655)
2023-11-28 22:09:39: Copy New 'C:/wamp64/www/Stream/MEDIA/Trash.png' -> 'C:/Users/jermi/OneDrive/THIRD YEAR/Website Technology/Finals/MEDIA/Trash.png' (17,616)
2023-11-28 22:09:39: Close Modified Folder (mod-time, acl): /.git/logs/refs/heads
2023-11-28 22:09:39: Close Modified Folder (mod-time, acl): /.git/logs/refs/remotes/origin
2023-11-28 22:09:39: Close Modified Folder (mod-time, acl): /.git/hooks
2023-11-28 22:09:39: Close Modified Folder (mod-time, acl): /.git/objects/15
2023-11-28 22:09:39: Close Modified Folder (mod-time, acl): /.git/objects/1e
2023-11-28 22:09:39: Close Modified Folder (mod-time, acl): /.git/objects/2b
2023-11-28 22:09:39: Copy New 'C:/wamp64/www/Stream/MEDIA/WhereAlice.jpg' -> 'C:/Users/jermi/OneDrive/THIRD YEAR/Website Technology/Finals/MEDIA/WhereAlice.jpg' (109,152)
2023-11-28 22:09:39: Close Modified Folder (mod-time, acl): /.git/refs/heads
2023-11-28 22:09:39: Close Modified Folder (mod-time, acl): /.git/objects/44
2023-11-28 22:09:39: Close Modified Folder (mod-time, acl): /.git/objects/56
2023-11-28 22:09:39: Close Modified Folder (mod-time, acl): /.git/refs/remotes/origin
2023-11-28 22:09:39: Close Modified Folder (mod-time, acl): /.git/objects/46
2023-11-28 22:09:39: Close Modified Folder (mod-time, acl): /.git/objects/58
2023-11-28 22:09:39: Close Modified Folder (mod-time, acl): /.git/objects/5d
2023-11-28 22:09:39: Close Modified Folder (mod-time, acl): /.git/objects/65
2023-11-28 22:09:39: Close Modified Folder (mod-time, acl): /.git/objects/6c
2023-11-28 22:09:39: Close Modified Folder (mod-time, acl): /.git/objects/8a
2023-11-28 22:09:39: Close Modified Folder (mod-time, acl): /.git/objects/98
2023-11-28 22:09:39: Close Modified Folder (mod-time, acl): /.git/objects/96
2023-11-28 22:09:39: Close Modified Folder (mod-time, acl): /.git/objects/9b
2023-11-28 22:09:39: Close Modified Folder (mod-time, acl): /.git/objects/a4
2023-11-28 22:09:39: Close Modified Folder (mod-time, acl): /.git/objects/a5
2023-11-28 22:09:39: Close Modified Folder (mod-time, acl): /.git/objects/b3
2023-11-28 22:09:39: Close Modified Folder (mod-time, acl): /.git/objects/bc
2023-11-28 22:09:39: Close Modified Folder (mod-time, acl): /.git/objects/e5
2023-11-28 22:09:39: Close Modified Folder (mod-time, acl): /.git/objects/cb
2023-11-28 22:09:39: Close Modified Folder (mod-time, acl): /.git/objects/e3
2023-11-28 22:09:39: Close Modified Folder (mod-time, acl): /.git/objects/e7
2023-11-28 22:09:39: Close Modified Folder (mod-time, acl): /.git/objects/f5
2023-11-28 22:09:39: Close Modified Folder (mod-time, acl): /CSS
2023-11-28 22:09:39: Close Modified Folder (mod-time, acl): /JS
2023-11-28 22:09:39: Close Modified Folder (mod-time, acl): /PHP
2023-11-28 22:09:39: Close Modified Folder (mod-time, acl): /.git/logs/refs/remotes
2023-11-28 22:09:39: Close Modified Folder (mod-time, acl): /MEDIA
2023-11-28 22:09:39: Close Modified Folder (mod-time, acl): /.git/refs/remotes
2023-11-28 22:09:39: Close Modified Folder (mod-time, acl): /.git/objects
2023-11-28 22:09:39: Close Modified Folder (mod-time, acl): /.git/logs/refs
2023-11-28 22:09:39: Close Modified Folder (mod-time, acl): /.git/refs
2023-11-28 22:09:39: Close Modified Folder (mod-time, acl): /.git/logs
2023-11-28 22:09:39: Close Modified Folder (mod-time, acl): /.git
2023-11-28 22:09:39: Save State File C:/Users/jermi/OneDrive/THIRD YEAR/Website Technology/Finals/_gsdata_/_file_state_v4._gs
2023-11-28 22:09:39: Save State File C:/wamp64/www/Stream/_gsdata_/_file_state_v4._gs
2023-11-28 22:09:39: == Sync Complete. Time: 00:00:00, Speed: 0.00/s, OK: 109, Errors: 0
