2023-12-04 20:55:20: -- Analysis Started by On File Change First Full Analyze Upon Folder Connect
2023-12-04 20:55:20: L: Reading State File C:/Users/jermi/OneDrive/THIRD YEAR/Website Technology/Finals/_gsdata_/_file_state_v4._gs
2023-12-04 20:55:20: R: Reading State File C:/wamp64/www/Stream/_gsdata_/_file_state_v4._gs
2023-12-04 20:55:20: /.git/FETCH_HEAD: L:TimeSize<>; R:TimeSize<>; Conflict: File Modified on Both Sides
2023-12-04 20:55:20: /.git/logs/refs/remotes/origin/main: L:TimeSize<>; R:TimeSize<>; Conflict: File Modified on Both Sides
2023-12-04 20:55:20: /.git/refs/remotes/origin/main: L:TimeSize<>; R:TimeSize<>; Conflict: File Modified on Both Sides
2023-12-04 20:55:20: Analyze has finished with Conflicts. Resolve Conflicts by selecting the correct sync direction, then click Sync
2023-12-04 20:55:20: Changes: 35, Conflicts: 3, CopyTime: 0, FixState: 17, Errors: 0, All: 150
2023-12-04 20:55:20: Left to Right: Copy File: 21 Delete File: 1 
2023-12-04 20:55:20: Right to Left: Copy File: 10 
2023-12-04 20:55:20: == Sync Started by On File Change First Full Analyze Upon Folder Connect
2023-12-04 20:55:20: ConnectCloned connected to file:///C:/Users/jermi/OneDrive/THIRD YEAR/Website Technology/Finals
2023-12-04 20:55:20: ConnectCloned connected to file:///C:/Users/jermi/OneDrive/THIRD YEAR/Website Technology/Finals
2023-12-04 20:55:20: ConnectCloned connected to file:///C:/Users/jermi/OneDrive/THIRD YEAR/Website Technology/Finals
2023-12-04 20:55:20: ConnectCloned connected to file:///C:/wamp64/www/Stream
2023-12-04 20:55:20: ConnectCloned connected to file:///C:/wamp64/www/Stream
2023-12-04 20:55:20: ConnectCloned connected to file:///C:/wamp64/www/Stream
2023-12-04 20:55:20: /.git/FETCH_HEAD: unresolved conflict results in No Copy
2023-12-04 20:55:20: Copy Over 'C:/wamp64/www/Stream/.git/logs/HEAD' -> 'C:/Users/jermi/OneDrive/THIRD YEAR/Website Technology/Finals/.git/logs/HEAD' (700)
2023-12-04 20:55:20: Copy Over 'C:/wamp64/www/Stream/.git/COMMIT_EDITMSG' -> 'C:/Users/jermi/OneDrive/THIRD YEAR/Website Technology/Finals/.git/COMMIT_EDITMSG' (15)
2023-12-04 20:55:20: Copy Over 'C:/wamp64/www/Stream/.git/index' -> 'C:/Users/jermi/OneDrive/THIRD YEAR/Website Technology/Finals/.git/index' (2,642)
2023-12-04 20:55:20: Copy Over 'C:/Users/jermi/OneDrive/THIRD YEAR/Website Technology/Finals/.git/objects/09/0c745d89f2ac3f59b5e7d6fc475bdb0082471d' -> 'C:/wamp64/www/Stream/.git/objects/09/0c745d89f2ac3f59b5e7d6fc475bdb0082471d' (166)
2023-12-04 20:55:20: Copy Over 'C:/wamp64/www/Stream/.git/objects/46/fdbbd09d8140c415e0eef5d56cf9fb8ad78316' -> 'C:/Users/jermi/OneDrive/THIRD YEAR/Website Technology/Finals/.git/objects/46/fdbbd09d8140c415e0eef5d56cf9fb8ad78316' (1,095)
2023-12-04 20:55:20: Copy Over 'C:/Users/jermi/OneDrive/THIRD YEAR/Website Technology/Finals/.git/objects/36/4393623e12233caa422d3f775269469a88f6ad' -> 'C:/wamp64/www/Stream/.git/objects/36/4393623e12233caa422d3f775269469a88f6ad' (1,253)
2023-12-04 20:55:20: Copy Over 'C:/Users/jermi/OneDrive/THIRD YEAR/Website Technology/Finals/.git/objects/47/0d20103bb4e0b089fcd80168d15a8a5af3285a' -> 'C:/wamp64/www/Stream/.git/objects/47/0d20103bb4e0b089fcd80168d15a8a5af3285a' (2,560)
2023-12-04 20:55:21: Copy Over 'C:/Users/jermi/OneDrive/THIRD YEAR/Website Technology/Finals/.git/objects/55/7e93528313cd199cd97f6cf954c3a6ba21e8b2' -> 'C:/wamp64/www/Stream/.git/objects/55/7e93528313cd199cd97f6cf954c3a6ba21e8b2' (346)
2023-12-04 20:55:21: Copy Over 'C:/Users/jermi/OneDrive/THIRD YEAR/Website Technology/Finals/.git/objects/71/6daacd8724fc301944c6857f5534da00acf1df' -> 'C:/wamp64/www/Stream/.git/objects/71/6daacd8724fc301944c6857f5534da00acf1df' (169)
2023-12-04 20:55:21: Copy Over 'C:/Users/jermi/OneDrive/THIRD YEAR/Website Technology/Finals/.git/objects/6b/412b4b09d6b1b8d59490b6b656012181a1b98a' -> 'C:/wamp64/www/Stream/.git/objects/6b/412b4b09d6b1b8d59490b6b656012181a1b98a' (1,296)
2023-12-04 20:55:21: Copy Over 'C:/Users/jermi/OneDrive/THIRD YEAR/Website Technology/Finals/.git/objects/74/731e2164c0e05a81b9431357ee129b414eef12' -> 'C:/wamp64/www/Stream/.git/objects/74/731e2164c0e05a81b9431357ee129b414eef12' (109)
2023-12-04 20:55:21: Copy Over 'C:/Users/jermi/OneDrive/THIRD YEAR/Website Technology/Finals/.git/objects/74/f992848fd6dd502c5082a95349302cc41a3a25' -> 'C:/wamp64/www/Stream/.git/objects/74/f992848fd6dd502c5082a95349302cc41a3a25' (166)
2023-12-04 20:55:21: Copy Over 'C:/Users/jermi/OneDrive/THIRD YEAR/Website Technology/Finals/.git/objects/86/6861b96f6c9815a7b1828f10ad02dec40a209c' -> 'C:/wamp64/www/Stream/.git/objects/86/6861b96f6c9815a7b1828f10ad02dec40a209c' (961)
2023-12-04 20:55:21: Copy Over 'C:/Users/jermi/OneDrive/THIRD YEAR/Website Technology/Finals/.git/objects/ab/46ca68a3d3bc9ac09fc23bf30b20fa1afc652f' -> 'C:/wamp64/www/Stream/.git/objects/ab/46ca68a3d3bc9ac09fc23bf30b20fa1afc652f' (345)
2023-12-04 20:55:21: Copy Over 'C:/Users/jermi/OneDrive/THIRD YEAR/Website Technology/Finals/.git/objects/af/5c461f18a6be396764a81076b98849411066b2' -> 'C:/wamp64/www/Stream/.git/objects/af/5c461f18a6be396764a81076b98849411066b2' (166)
2023-12-04 20:55:21: Copy Over 'C:/Users/jermi/OneDrive/THIRD YEAR/Website Technology/Finals/.git/objects/c3/0ac29f1e6f86e4d357a754e6ae7f35f9f3a5b8' -> 'C:/wamp64/www/Stream/.git/objects/c3/0ac29f1e6f86e4d357a754e6ae7f35f9f3a5b8' (165)
2023-12-04 20:55:22: Copy Over 'C:/Users/jermi/OneDrive/THIRD YEAR/Website Technology/Finals/.git/objects/c7/1cb31e87150e62da32bfc8fd1740d6f0668c10' -> 'C:/wamp64/www/Stream/.git/objects/c7/1cb31e87150e62da32bfc8fd1740d6f0668c10' (354)
2023-12-04 20:55:22: Copy Over 'C:/Users/jermi/OneDrive/THIRD YEAR/Website Technology/Finals/.git/objects/ca/0f9a4af025490ce093db2ef282c023dfcfa2fb' -> 'C:/wamp64/www/Stream/.git/objects/ca/0f9a4af025490ce093db2ef282c023dfcfa2fb' (704)
2023-12-04 20:55:22: Copy Over 'C:/Users/jermi/OneDrive/THIRD YEAR/Website Technology/Finals/.git/objects/e0/57e600608a4ea9d5aac4fa5b9769a4cba8d4b0' -> 'C:/wamp64/www/Stream/.git/objects/e0/57e600608a4ea9d5aac4fa5b9769a4cba8d4b0' (189)
2023-12-04 20:55:22: Copy Over 'C:/Users/jermi/OneDrive/THIRD YEAR/Website Technology/Finals/.git/objects/e1/51b71c2f43aebc4c47eb2e8cf8ac04e61b1df3' -> 'C:/wamp64/www/Stream/.git/objects/e1/51b71c2f43aebc4c47eb2e8cf8ac04e61b1df3' (265)
2023-12-04 20:55:22: Copy Over 'C:/Users/jermi/OneDrive/THIRD YEAR/Website Technology/Finals/.git/objects/f2/c620a9850d61c0e14a61685e9558604beecad1' -> 'C:/wamp64/www/Stream/.git/objects/f2/c620a9850d61c0e14a61685e9558604beecad1' (2,286)
2023-12-04 20:55:22: Copy New 'C:/wamp64/www/Stream/.git/ORIG_HEAD' -> 'C:/Users/jermi/OneDrive/THIRD YEAR/Website Technology/Finals/.git/ORIG_HEAD' (41)
2023-12-04 20:55:22: Copy Over 'C:/wamp64/www/Stream/.git/logs/refs/heads/main' -> 'C:/Users/jermi/OneDrive/THIRD YEAR/Website Technology/Finals/.git/logs/refs/heads/main' (513)
2023-12-04 20:55:22: /.git/logs/refs/remotes/origin/main: unresolved conflict results in No Copy
2023-12-04 20:55:22: Copy Over 'C:/wamp64/www/Stream/.git/refs/heads/main' -> 'C:/Users/jermi/OneDrive/THIRD YEAR/Website Technology/Finals/.git/refs/heads/main' (41)
2023-12-04 20:55:22: Copy New 'C:/wamp64/www/Stream/CSS/login_style.css' -> 'C:/Users/jermi/OneDrive/THIRD YEAR/Website Technology/Finals/CSS/login_style.css' (1,630)
2023-12-04 20:55:22: /.git/refs/remotes/origin/main: unresolved conflict results in No Copy
2023-12-04 20:55:22: Copy New 'C:/Users/jermi/OneDrive/THIRD YEAR/Website Technology/Finals/CSS/update._style.css' -> 'C:/wamp64/www/Stream/CSS/update._style.css' (0)
2023-12-04 20:55:22: Delete Folder C:/wamp64/www/Stream/helloworld
2023-12-04 20:55:22: Copy Over 'C:/wamp64/www/Stream/PHP/add.php' -> 'C:/Users/jermi/OneDrive/THIRD YEAR/Website Technology/Finals/PHP/add.php' (3,821)
2023-12-04 20:55:22: Copy Over 'C:/wamp64/www/Stream/PHP/logIn.php' -> 'C:/Users/jermi/OneDrive/THIRD YEAR/Website Technology/Finals/PHP/logIn.php' (2,647)
2023-12-04 20:55:22: Copy Over 'C:/Users/jermi/OneDrive/THIRD YEAR/Website Technology/Finals/PHP/update.php' -> 'C:/wamp64/www/Stream/PHP/update.php' (3,143)
2023-12-04 20:55:22: Copy Over 'C:/Users/jermi/OneDrive/THIRD YEAR/Website Technology/Finals/.git/objects/fd/52d9974cfe15f33fd6b7d716a04e0353f6948c' -> 'C:/wamp64/www/Stream/.git/objects/fd/52d9974cfe15f33fd6b7d716a04e0353f6948c' (288)
2023-12-04 20:55:22: Copy Over 'C:/Users/jermi/OneDrive/THIRD YEAR/Website Technology/Finals/.git/objects/f5/ea30281dbe36784cae854fc36969eda1c1df29' -> 'C:/wamp64/www/Stream/.git/objects/f5/ea30281dbe36784cae854fc36969eda1c1df29' (114)
2023-12-04 20:55:22: Save State File C:/Users/jermi/OneDrive/THIRD YEAR/Website Technology/Finals/_gsdata_/_file_state_v4._gs
2023-12-04 20:55:22: Save State File C:/wamp64/www/Stream/_gsdata_/_file_state_v4._gs
2023-12-04 20:55:22: == Sync Complete. Time: 00:00:02, Speed: 0.00/s, OK: 49, Errors: 0, Conflicts: 3
